SV-code/WaspData/app/build/generated/source/outputs/logs/manifest-merger-debug-report.txt
-- Merging decision tree log ---
manifest
ADDED from src\main\AndroidManifest.xml:2:1-24:12
	package
		ADDED from src\main\AndroidManifest.xml:3:5-34
		INJECTED from src\main\AndroidManifest.xml
		INJECTED from src\main\AndroidManifest.xml
	android:versionName
		INJECTED from src\main\AndroidManifest.xml
		INJECTED from src\main\AndroidManifest.xml
	xmlns:android
		ADDED from src\main\AndroidManifest.xml:2:11-69
	android:versionCode
		INJECTED from src\main\AndroidManifest.xml
		INJECTED from src\main\AndroidManifest.xml
uses-permission#android.permission.INTERNET
ADDED from src\main\AndroidManifest.xml:5:5-66
	android:name
		ADDED from src\main\AndroidManifest.xml:5:22-64
application
ADDED from src\main\AndroidManifest.xml:7:5-22:19
MERGED from [com.android.support:appcompat-v7:26.0.1] AndroidManifest.xml:25:5-29:19
MERGED from [com.android.support:support-v4:26.0.1] AndroidManifest.xml:25:5-29:19
MERGED from [com.android.support:support-media-compat:26.0.1] AndroidManifest.xml:25:5-29:19
MERGED from [com.android.support:support-fragment:26.0.1] AndroidManifest.xml:25:5-29:19
MERGED from [com.android.support:support-core-utils:26.0.1] AndroidManifest.xml:25:5-29:19
MERGED from [com.android.support:animated-vector-drawable:26.0.1] AndroidManifest.xml:22:5-26:19
MERGED from [com.android.support:support-vector-drawable:26.0.1] AndroidManifest.xml:22:5-26:19
MERGED from [com.android.support.constraint:constraint-layout:1.0.2] AndroidManifest.xml:9:5-20
MERGED from [com.android.support:recyclerview-v7:26.0.1] AndroidManifest.xml:22:5-26:19
MERGED from [com.android.support:support-core-ui:26.0.1] AndroidManifest.xml:25:5-29:19
MERGED from [com.android.support:support-compat:26.0.1] AndroidManifest.xml:25:5-29:19
MERGED from [com.android.support:cardview-v7:26.0.1] AndroidManifest.xml:22:5-26:19
	android:label
		ADDED from src\main\AndroidManifest.xml:10:9-41
	android:supportsRtl
		ADDED from src\main\AndroidManifest.xml:12:9-35
	android:roundIcon
		ADDED from src\main\AndroidManifest.xml:11:9-54
	android:allowBackup
		ADDED from src\main\AndroidManifest.xml:8:9-35
	android:icon
		ADDED from src\main\AndroidManifest.xml:9:9-43
	android:theme
		ADDED from src\main\AndroidManifest.xml:13:9-40
activity#augenblick.waspdata.MainActivity
ADDED from src\main\AndroidManifest.xml:15:9-20:20
	android:name
		ADDED from src\main\AndroidManifest.xml:15:19-47
intent-filter#android.intent.action.MAIN+android.intent.category.LAUNCHER
ADDED from src\main\AndroidManifest.xml:16:13-19:29
action#android.intent.action.MAIN
ADDED from src\main\AndroidManifest.xml:17:17-69
	android:name
		ADDED from src\main\AndroidManifest.xml:17:25-66
category#android.intent.category.LAUNCHER
ADDED from src\main\AndroidManifest.xml:18:17-77
	android:name
		ADDED from src\main\AndroidManifest.xml:18:27-74
uses-sdk
INJECTED from src\main\AndroidManifest.xml reason: use-sdk injection requested
MERGED from [com.android.support:appcompat-v7:26.0.1] AndroidManifest.xml:21:5-23:78
MERGED from [com.android.support:support-v4:26.0.1] AndroidManifest.xml:21:5-23:54
MERGED from [com.android.support:support-media-compat:26.0.1] AndroidManifest.xml:21:5-23:63
MERGED from [com.android.support:support-fragment:26.0.1] AndroidManifest.xml:21:5-23:60
MERGED from [com.android.support:support-core-utils:26.0.1] AndroidManifest.xml:21:5-23:61
MERGED from [com.android.support:animated-vector-drawable:26.0.1] AndroidManifest.xml:20:5-44
MERGED from [com.android.support:support-vector-drawable:26.0.1] AndroidManifest.xml:20:5-44
MERGED from [com.android.support.constraint:constraint-layout:1.0.2] AndroidManifest.xml:5:5-7:41
MERGED from [com.android.support:recyclerview-v7:26.0.1] AndroidManifest.xml:20:5-44
MERGED from [com.android.support:support-core-ui:26.0.1] AndroidManifest.xml:21:5-23:58
MERGED from [com.android.support:support-compat:26.0.1] AndroidManifest.xml:21:5-23:58
MERGED from [com.android.support:cardview-v7:26.0.1] AndroidManifest.xml:20:5-44
	tools:overrideLibrary
		ADDED from [com.android.support:appcompat-v7:26.0.1] AndroidManifest.xml:23:9-75
	android:targetSdkVersion
		INJECTED from src\main\AndroidManifest.xml
		INJECTED from src\main\AndroidManifest.xml
	android:minSdkVersion
		INJECTED from src\main\AndroidManifest.xml
		INJECTED from src\main\AndroidManifest.xml
meta-data#android.support.VERSION
ADDED from [com.android.support:appcompat-v7:26.0.1] AndroidManifest.xml:26:9-28:38
MERGED from [com.android.support:support-v4:26.0.1] AndroidManifest.xml:26:9-28:38
MERGED from [com.android.support:support-media-compat:26.0.1] AndroidManifest.xml:26:9-28:38
MERGED from [com.android.support:support-fragment:26.0.1] AndroidManifest.xml:26:9-28:38
MERGED from [com.android.support:support-core-utils:26.0.1] AndroidManifest.xml:26:9-28:38
MERGED from [com.android.support:animated-vector-drawable:26.0.1] AndroidManifest.xml:23:9-25:38
MERGED from [com.android.support:support-vector-drawable:26.0.1] AndroidManifest.xml:23:9-25:38
MERGED from [com.android.support:recyclerview-v7:26.0.1] AndroidManifest.xml:23:9-25:38
MERGED from [com.android.support:support-core-ui:26.0.1] AndroidManifest.xml:26:9-28:38
MERGED from [com.android.support:support-compat:26.0.1] AndroidManifest.xml:26:9-28:38
MERGED from [com.android.support:cardview-v7:26.0.1] AndroidManifest.xml:23:9-25:38
	android:value
		ADDED from [com.android.support:appcompat-v7:26.0.1] AndroidManifest.xml:28:13-35
	android:name
		ADDED from [com.android.support:appcompat-v7:26.0.1] AndroidManifest.xml:27:13-51